<?xml version="1.0" encoding="UTF-8"?>
<testsuite xmlns:xsi="http://www.w3.org/2001/XMLSchema-instance" xsi:noNamespaceSchemaLocation="https://maven.apache.org/surefire/maven-surefire-plugin/xsd/surefire-test-report-3.0.xsd" version="3.0" name="com.zectia.user_microservice.UserMicroserviceApplicationTests" time="23.825" tests="1" errors="0" skipped="0" failures="0">
  <properties>
    <property name="java.specification.version" value="21"/>
    <property name="sun.jnu.encoding" value="UTF-8"/>
    <property name="java.class.path" value="/mnt/c/users/luis/Desktop/zectia/user-microservice/target/test-classes:/mnt/c/users/luis/Desktop/zectia/user-microservice/target/classes:/home/luis/.m2/repository/org/springframework/boot/spring-boot-starter-data-jpa/3.3.0/spring-boot-starter-data-jpa-3.3.0.jar:/home/luis/.m2/repository/org/springframework/boot/spring-boot-starter-aop/3.3.0/spring-boot-starter-aop-3.3.0.jar:/home/luis/.m2/repository/org/aspectj/aspectjweaver/1.9.22/aspectjweaver-1.9.22.jar:/home/luis/.m2/repository/org/springframework/boot/spring-boot-starter-jdbc/3.3.0/spring-boot-starter-jdbc-3.3.0.jar:/home/luis/.m2/repository/com/zaxxer/HikariCP/5.1.0/HikariCP-5.1.0.jar:/home/luis/.m2/repository/org/springframework/spring-jdbc/6.1.8/spring-jdbc-6.1.8.jar:/home/luis/.m2/repository/org/hibernate/orm/hibernate-core/6.5.2.Final/hibernate-core-6.5.2.Final.jar:/home/luis/.m2/repository/jakarta/persistence/jakarta.persistence-api/3.1.0/jakarta.persistence-api-3.1.0.jar:/home/luis/.m2/repository/jakarta/transaction/jakarta.transaction-api/2.0.1/jakarta.transaction-api-2.0.1.jar:/home/luis/.m2/repository/org/jboss/logging/jboss-logging/3.5.3.Final/jboss-logging-3.5.3.Final.jar:/home/luis/.m2/repository/org/hibernate/common/hibernate-commons-annotations/6.0.6.Final/hibernate-commons-annotations-6.0.6.Final.jar:/home/luis/.m2/repository/io/smallrye/jandex/3.1.2/jandex-3.1.2.jar:/home/luis/.m2/repository/com/fasterxml/classmate/1.7.0/classmate-1.7.0.jar:/home/luis/.m2/repository/net/bytebuddy/byte-buddy/1.14.16/byte-buddy-1.14.16.jar:/home/luis/.m2/repository/org/glassfish/jaxb/jaxb-runtime/4.0.5/jaxb-runtime-4.0.5.jar:/home/luis/.m2/repository/org/glassfish/jaxb/jaxb-core/4.0.5/jaxb-core-4.0.5.jar:/home/luis/.m2/repository/org/eclipse/angus/angus-activation/2.0.2/angus-activation-2.0.2.jar:/home/luis/.m2/repository/org/glassfish/jaxb/txw2/4.0.5/txw2-4.0.5.jar:/home/luis/.m2/repository/com/sun/istack/istack-commons-runtime/4.1.2/istack-commons-runtime-4.1.2.jar:/home/luis/.m2/repository/jakarta/inject/jakarta.inject-api/2.0.1/jakarta.inject-api-2.0.1.jar:/home/luis/.m2/repository/org/antlr/antlr4-runtime/4.13.0/antlr4-runtime-4.13.0.jar:/home/luis/.m2/repository/org/springframework/data/spring-data-jpa/3.3.0/spring-data-jpa-3.3.0.jar:/home/luis/.m2/repository/org/springframework/data/spring-data-commons/3.3.0/spring-data-commons-3.3.0.jar:/home/luis/.m2/repository/org/springframework/spring-orm/6.1.8/spring-orm-6.1.8.jar:/home/luis/.m2/repository/org/springframework/spring-context/6.1.8/spring-context-6.1.8.jar:/home/luis/.m2/repository/org/springframework/spring-tx/6.1.8/spring-tx-6.1.8.jar:/home/luis/.m2/repository/org/springframework/spring-beans/6.1.8/spring-beans-6.1.8.jar:/home/luis/.m2/repository/jakarta/annotation/jakarta.annotation-api/2.1.1/jakarta.annotation-api-2.1.1.jar:/home/luis/.m2/repository/org/slf4j/slf4j-api/2.0.13/slf4j-api-2.0.13.jar:/home/luis/.m2/repository/org/springframework/spring-aspects/6.1.8/spring-aspects-6.1.8.jar:/home/luis/.m2/repository/org/springframework/boot/spring-boot-starter-web/3.3.0/spring-boot-starter-web-3.3.0.jar:/home/luis/.m2/repository/org/springframework/boot/spring-boot-starter/3.3.0/spring-boot-starter-3.3.0.jar:/home/luis/.m2/repository/org/springframework/boot/spring-boot/3.3.0/spring-boot-3.3.0.jar:/home/luis/.m2/repository/org/springframework/boot/spring-boot-autoconfigure/3.3.0/spring-boot-autoconfigure-3.3.0.jar:/home/luis/.m2/repository/org/springframework/boot/spring-boot-starter-logging/3.3.0/spring-boot-starter-logging-3.3.0.jar:/home/luis/.m2/repository/ch/qos/logback/logback-classic/1.5.6/logback-classic-1.5.6.jar:/home/luis/.m2/repository/ch/qos/logback/logback-core/1.5.6/logback-core-1.5.6.jar:/home/luis/.m2/repository/org/apache/logging/log4j/log4j-to-slf4j/2.23.1/log4j-to-slf4j-2.23.1.jar:/home/luis/.m2/repository/org/apache/logging/log4j/log4j-api/2.23.1/log4j-api-2.23.1.jar:/home/luis/.m2/repository/org/slf4j/jul-to-slf4j/2.0.13/jul-to-slf4j-2.0.13.jar:/home/luis/.m2/repository/org/yaml/snakeyaml/2.2/snakeyaml-2.2.jar:/home/luis/.m2/repository/org/springframework/boot/spring-boot-starter-json/3.3.0/spring-boot-starter-json-3.3.0.jar:/home/luis/.m2/repository/com/fasterxml/jackson/datatype/jackson-datatype-jdk8/2.17.1/jackson-datatype-jdk8-2.17.1.jar:/home/luis/.m2/repository/com/fasterxml/jackson/datatype/jackson-datatype-jsr310/2.17.1/jackson-datatype-jsr310-2.17.1.jar:/home/luis/.m2/repository/com/fasterxml/jackson/module/jackson-module-parameter-names/2.17.1/jackson-module-parameter-names-2.17.1.jar:/home/luis/.m2/repository/org/springframework/boot/spring-boot-starter-tomcat/3.3.0/spring-boot-starter-tomcat-3.3.0.jar:/home/luis/.m2/repository/org/apache/tomcat/embed/tomcat-embed-core/10.1.24/tomcat-embed-core-10.1.24.jar:/home/luis/.m2/repository/org/apache/tomcat/embed/tomcat-embed-el/10.1.24/tomcat-embed-el-10.1.24.jar:/home/luis/.m2/repository/org/apache/tomcat/embed/tomcat-embed-websocket/10.1.24/tomcat-embed-websocket-10.1.24.jar:/home/luis/.m2/repository/org/springframework/spring-web/6.1.8/spring-web-6.1.8.jar:/home/luis/.m2/repository/io/micrometer/micrometer-observation/1.13.0/micrometer-observation-1.13.0.jar:/home/luis/.m2/repository/io/micrometer/micrometer-commons/1.13.0/micrometer-commons-1.13.0.jar:/home/luis/.m2/repository/org/springframework/spring-webmvc/6.1.8/spring-webmvc-6.1.8.jar:/home/luis/.m2/repository/org/springframework/spring-expression/6.1.8/spring-expression-6.1.8.jar:/home/luis/.m2/repository/org/postgresql/postgresql/42.7.3/postgresql-42.7.3.jar:/home/luis/.m2/repository/org/checkerframework/checker-qual/3.42.0/checker-qual-3.42.0.jar:/home/luis/.m2/repository/org/projectlombok/lombok/1.18.32/lombok-1.18.32.jar:/home/luis/.m2/repository/org/springframework/boot/spring-boot-starter-test/3.3.0/spring-boot-starter-test-3.3.0.jar:/home/luis/.m2/repository/org/springframework/boot/spring-boot-test/3.3.0/spring-boot-test-3.3.0.jar:/home/luis/.m2/repository/org/springframework/boot/spring-boot-test-autoconfigure/3.3.0/spring-boot-test-autoconfigure-3.3.0.jar:/home/luis/.m2/repository/com/jayway/jsonpath/json-path/2.9.0/json-path-2.9.0.jar:/home/luis/.m2/repository/jakarta/xml/bind/jakarta.xml.bind-api/4.0.2/jakarta.xml.bind-api-4.0.2.jar:/home/luis/.m2/repository/jakarta/activation/jakarta.activation-api/2.1.3/jakarta.activation-api-2.1.3.jar:/home/luis/.m2/repository/net/minidev/json-smart/2.5.1/json-smart-2.5.1.jar:/home/luis/.m2/repository/net/minidev/accessors-smart/2.5.1/accessors-smart-2.5.1.jar:/home/luis/.m2/repository/org/ow2/asm/asm/9.6/asm-9.6.jar:/home/luis/.m2/repository/org/assertj/assertj-core/3.25.3/assertj-core-3.25.3.jar:/home/luis/.m2/repository/org/awaitility/awaitility/4.2.1/awaitility-4.2.1.jar:/home/luis/.m2/repository/org/hamcrest/hamcrest/2.2/hamcrest-2.2.jar:/home/luis/.m2/repository/org/junit/jupiter/junit-jupiter/5.10.2/junit-jupiter-5.10.2.jar:/home/luis/.m2/repository/org/junit/jupiter/junit-jupiter-api/5.10.2/junit-jupiter-api-5.10.2.jar:/home/luis/.m2/repository/org/opentest4j/opentest4j/1.3.0/opentest4j-1.3.0.jar:/home/luis/.m2/repository/org/junit/platform/junit-platform-commons/1.10.2/junit-platform-commons-1.10.2.jar:/home/luis/.m2/repository/org/apiguardian/apiguardian-api/1.1.2/apiguardian-api-1.1.2.jar:/home/luis/.m2/repository/org/junit/jupiter/junit-jupiter-params/5.10.2/junit-jupiter-params-5.10.2.jar:/home/luis/.m2/repository/org/junit/jupiter/junit-jupiter-engine/5.10.2/junit-jupiter-engine-5.10.2.jar:/home/luis/.m2/repository/org/junit/platform/junit-platform-engine/1.10.2/junit-platform-engine-1.10.2.jar:/home/luis/.m2/repository/org/mockito/mockito-core/5.11.0/mockito-core-5.11.0.jar:/home/luis/.m2/repository/net/bytebuddy/byte-buddy-agent/1.14.16/byte-buddy-agent-1.14.16.jar:/home/luis/.m2/repository/org/objenesis/objenesis/3.3/objenesis-3.3.jar:/home/luis/.m2/repository/org/mockito/mockito-junit-jupiter/5.11.0/mockito-junit-jupiter-5.11.0.jar:/home/luis/.m2/repository/org/skyscreamer/jsonassert/1.5.1/jsonassert-1.5.1.jar:/home/luis/.m2/repository/com/vaadin/external/google/android-json/0.0.20131108.vaadin1/android-json-0.0.20131108.vaadin1.jar:/home/luis/.m2/repository/org/springframework/spring-core/6.1.8/spring-core-6.1.8.jar:/home/luis/.m2/repository/org/springframework/spring-jcl/6.1.8/spring-jcl-6.1.8.jar:/home/luis/.m2/repository/org/springframework/spring-test/6.1.8/spring-test-6.1.8.jar:/home/luis/.m2/repository/org/xmlunit/xmlunit-core/2.9.1/xmlunit-core-2.9.1.jar:/home/luis/.m2/repository/org/springdoc/springdoc-openapi-starter-webmvc-ui/2.0.2/springdoc-openapi-starter-webmvc-ui-2.0.2.jar:/home/luis/.m2/repository/org/springdoc/springdoc-openapi-starter-webmvc-api/2.0.2/springdoc-openapi-starter-webmvc-api-2.0.2.jar:/home/luis/.m2/repository/org/springdoc/springdoc-openapi-starter-common/2.0.2/springdoc-openapi-starter-common-2.0.2.jar:/home/luis/.m2/repository/io/swagger/core/v3/swagger-core-jakarta/2.2.7/swagger-core-jakarta-2.2.7.jar:/home/luis/.m2/repository/org/apache/commons/commons-lang3/3.14.0/commons-lang3-3.14.0.jar:/home/luis/.m2/repository/io/swagger/core/v3/swagger-annotations-jakarta/2.2.7/swagger-annotations-jakarta-2.2.7.jar:/home/luis/.m2/repository/io/swagger/core/v3/swagger-models-jakarta/2.2.7/swagger-models-jakarta-2.2.7.jar:/home/luis/.m2/repository/jakarta/validation/jakarta.validation-api/3.0.2/jakarta.validation-api-3.0.2.jar:/home/luis/.m2/repository/com/fasterxml/jackson/dataformat/jackson-dataformat-yaml/2.17.1/jackson-dataformat-yaml-2.17.1.jar:/home/luis/.m2/repository/org/webjars/swagger-ui/4.15.5/swagger-ui-4.15.5.jar:/home/luis/.m2/repository/org/webjars/webjars-locator-core/0.58/webjars-locator-core-0.58.jar:/home/luis/.m2/repository/io/github/classgraph/classgraph/4.8.149/classgraph-4.8.149.jar:/home/luis/.m2/repository/org/springframework/boot/spring-boot-starter-security/3.3.0/spring-boot-starter-security-3.3.0.jar:/home/luis/.m2/repository/org/springframework/spring-aop/6.1.8/spring-aop-6.1.8.jar:/home/luis/.m2/repository/org/springframework/security/spring-security-config/6.3.0/spring-security-config-6.3.0.jar:/home/luis/.m2/repository/org/springframework/security/spring-security-core/6.3.0/spring-security-core-6.3.0.jar:/home/luis/.m2/repository/org/springframework/security/spring-security-crypto/6.3.0/spring-security-crypto-6.3.0.jar:/home/luis/.m2/repository/org/springframework/security/spring-security-web/6.3.0/spring-security-web-6.3.0.jar:/home/luis/.m2/repository/io/jsonwebtoken/jjwt-api/0.12.5/jjwt-api-0.12.5.jar:/home/luis/.m2/repository/io/jsonwebtoken/jjwt-impl/0.12.5/jjwt-impl-0.12.5.jar:/home/luis/.m2/repository/io/jsonwebtoken/jjwt-jackson/0.12.5/jjwt-jackson-0.12.5.jar:/home/luis/.m2/repository/com/fasterxml/jackson/core/jackson-databind/2.17.1/jackson-databind-2.17.1.jar:/home/luis/.m2/repository/com/fasterxml/jackson/core/jackson-annotations/2.17.1/jackson-annotations-2.17.1.jar:/home/luis/.m2/repository/com/fasterxml/jackson/core/jackson-core/2.17.1/jackson-core-2.17.1.jar:/home/luis/.m2/repository/javax/xml/bind/jaxb-api/2.3.1/jaxb-api-2.3.1.jar:/home/luis/.m2/repository/javax/activation/javax.activation-api/1.2.0/javax.activation-api-1.2.0.jar:"/>
    <property name="java.vm.vendor" value="Homebrew"/>
    <property name="sun.arch.data.model" value="64"/>
    <property name="java.vendor.url" value="https://github.com/Homebrew/homebrew-core/issues"/>
    <property name="user.timezone" value="America/La_Paz"/>
    <property name="org.jboss.logging.provider" value="slf4j"/>
    <property name="os.name" value="Linux"/>
    <property name="java.vm.specification.version" value="21"/>
    <property name="sun.java.launcher" value="SUN_STANDARD"/>
    <property name="sun.boot.library.path" value="/home/linuxbrew/.linuxbrew/Cellar/openjdk/21.0.2/libexec/lib"/>
    <property name="sun.java.command" value="/mnt/c/users/luis/Desktop/zectia/user-microservice/target/surefire/surefirebooter-20240603134149234_3.jar /mnt/c/users/luis/Desktop/zectia/user-microservice/target/surefire 2024-06-03T13-41-48_991-jvmRun1 surefire-20240603134149234_1tmp surefire_0-20240603134149234_2tmp"/>
    <property name="jdk.debug" value="release"/>
    <property name="surefire.test.class.path" value="/mnt/c/users/luis/Desktop/zectia/user-microservice/target/test-classes:/mnt/c/users/luis/Desktop/zectia/user-microservice/target/classes:/home/luis/.m2/repository/org/springframework/boot/spring-boot-starter-data-jpa/3.3.0/spring-boot-starter-data-jpa-3.3.0.jar:/home/luis/.m2/repository/org/springframework/boot/spring-boot-starter-aop/3.3.0/spring-boot-starter-aop-3.3.0.jar:/home/luis/.m2/repository/org/aspectj/aspectjweaver/1.9.22/aspectjweaver-1.9.22.jar:/home/luis/.m2/repository/org/springframework/boot/spring-boot-starter-jdbc/3.3.0/spring-boot-starter-jdbc-3.3.0.jar:/home/luis/.m2/repository/com/zaxxer/HikariCP/5.1.0/HikariCP-5.1.0.jar:/home/luis/.m2/repository/org/springframework/spring-jdbc/6.1.8/spring-jdbc-6.1.8.jar:/home/luis/.m2/repository/org/hibernate/orm/hibernate-core/6.5.2.Final/hibernate-core-6.5.2.Final.jar:/home/luis/.m2/repository/jakarta/persistence/jakarta.persistence-api/3.1.0/jakarta.persistence-api-3.1.0.jar:/home/luis/.m2/repository/jakarta/transaction/jakarta.transaction-api/2.0.1/jakarta.transaction-api-2.0.1.jar:/home/luis/.m2/repository/org/jboss/logging/jboss-logging/3.5.3.Final/jboss-logging-3.5.3.Final.jar:/home/luis/.m2/repository/org/hibernate/common/hibernate-commons-annotations/6.0.6.Final/hibernate-commons-annotations-6.0.6.Final.jar:/home/luis/.m2/repository/io/smallrye/jandex/3.1.2/jandex-3.1.2.jar:/home/luis/.m2/repository/com/fasterxml/classmate/1.7.0/classmate-1.7.0.jar:/home/luis/.m2/repository/net/bytebuddy/byte-buddy/1.14.16/byte-buddy-1.14.16.jar:/home/luis/.m2/repository/org/glassfish/jaxb/jaxb-runtime/4.0.5/jaxb-runtime-4.0.5.jar:/home/luis/.m2/repository/org/glassfish/jaxb/jaxb-core/4.0.5/jaxb-core-4.0.5.jar:/home/luis/.m2/repository/org/eclipse/angus/angus-activation/2.0.2/angus-activation-2.0.2.jar:/home/luis/.m2/repository/org/glassfish/jaxb/txw2/4.0.5/txw2-4.0.5.jar:/home/luis/.m2/repository/com/sun/istack/istack-commons-runtime/4.1.2/istack-commons-runtime-4.1.2.jar:/home/luis/.m2/repository/jakarta/inject/jakarta.inject-api/2.0.1/jakarta.inject-api-2.0.1.jar:/home/luis/.m2/repository/org/antlr/antlr4-runtime/4.13.0/antlr4-runtime-4.13.0.jar:/home/luis/.m2/repository/org/springframework/data/spring-data-jpa/3.3.0/spring-data-jpa-3.3.0.jar:/home/luis/.m2/repository/org/springframework/data/spring-data-commons/3.3.0/spring-data-commons-3.3.0.jar:/home/luis/.m2/repository/org/springframework/spring-orm/6.1.8/spring-orm-6.1.8.jar:/home/luis/.m2/repository/org/springframework/spring-context/6.1.8/spring-context-6.1.8.jar:/home/luis/.m2/repository/org/springframework/spring-tx/6.1.8/spring-tx-6.1.8.jar:/home/luis/.m2/repository/org/springframework/spring-beans/6.1.8/spring-beans-6.1.8.jar:/home/luis/.m2/repository/jakarta/annotation/jakarta.annotation-api/2.1.1/jakarta.annotation-api-2.1.1.jar:/home/luis/.m2/repository/org/slf4j/slf4j-api/2.0.13/slf4j-api-2.0.13.jar:/home/luis/.m2/repository/org/springframework/spring-aspects/6.1.8/spring-aspects-6.1.8.jar:/home/luis/.m2/repository/org/springframework/boot/spring-boot-starter-web/3.3.0/spring-boot-starter-web-3.3.0.jar:/home/luis/.m2/repository/org/springframework/boot/spring-boot-starter/3.3.0/spring-boot-starter-3.3.0.jar:/home/luis/.m2/repository/org/springframework/boot/spring-boot/3.3.0/spring-boot-3.3.0.jar:/home/luis/.m2/repository/org/springframework/boot/spring-boot-autoconfigure/3.3.0/spring-boot-autoconfigure-3.3.0.jar:/home/luis/.m2/repository/org/springframework/boot/spring-boot-starter-logging/3.3.0/spring-boot-starter-logging-3.3.0.jar:/home/luis/.m2/repository/ch/qos/logback/logback-classic/1.5.6/logback-classic-1.5.6.jar:/home/luis/.m2/repository/ch/qos/logback/logback-core/1.5.6/logback-core-1.5.6.jar:/home/luis/.m2/repository/org/apache/logging/log4j/log4j-to-slf4j/2.23.1/log4j-to-slf4j-2.23.1.jar:/home/luis/.m2/repository/org/apache/logging/log4j/log4j-api/2.23.1/log4j-api-2.23.1.jar:/home/luis/.m2/repository/org/slf4j/jul-to-slf4j/2.0.13/jul-to-slf4j-2.0.13.jar:/home/luis/.m2/repository/org/yaml/snakeyaml/2.2/snakeyaml-2.2.jar:/home/luis/.m2/repository/org/springframework/boot/spring-boot-starter-json/3.3.0/spring-boot-starter-json-3.3.0.jar:/home/luis/.m2/repository/com/fasterxml/jackson/datatype/jackson-datatype-jdk8/2.17.1/jackson-datatype-jdk8-2.17.1.jar:/home/luis/.m2/repository/com/fasterxml/jackson/datatype/jackson-datatype-jsr310/2.17.1/jackson-datatype-jsr310-2.17.1.jar:/home/luis/.m2/repository/com/fasterxml/jackson/module/jackson-module-parameter-names/2.17.1/jackson-module-parameter-names-2.17.1.jar:/home/luis/.m2/repository/org/springframework/boot/spring-boot-starter-tomcat/3.3.0/spring-boot-starter-tomcat-3.3.0.jar:/home/luis/.m2/repository/org/apache/tomcat/embed/tomcat-embed-core/10.1.24/tomcat-embed-core-10.1.24.jar:/home/luis/.m2/repository/org/apache/tomcat/embed/tomcat-embed-el/10.1.24/tomcat-embed-el-10.1.24.jar:/home/luis/.m2/repository/org/apache/tomcat/embed/tomcat-embed-websocket/10.1.24/tomcat-embed-websocket-10.1.24.jar:/home/luis/.m2/repository/org/springframework/spring-web/6.1.8/spring-web-6.1.8.jar:/home/luis/.m2/repository/io/micrometer/micrometer-observation/1.13.0/micrometer-observation-1.13.0.jar:/home/luis/.m2/repository/io/micrometer/micrometer-commons/1.13.0/micrometer-commons-1.13.0.jar:/home/luis/.m2/repository/org/springframework/spring-webmvc/6.1.8/spring-webmvc-6.1.8.jar:/home/luis/.m2/repository/org/springframework/spring-expression/6.1.8/spring-expression-6.1.8.jar:/home/luis/.m2/repository/org/postgresql/postgresql/42.7.3/postgresql-42.7.3.jar:/home/luis/.m2/repository/org/checkerframework/checker-qual/3.42.0/checker-qual-3.42.0.jar:/home/luis/.m2/repository/org/projectlombok/lombok/1.18.32/lombok-1.18.32.jar:/home/luis/.m2/repository/org/springframework/boot/spring-boot-starter-test/3.3.0/spring-boot-starter-test-3.3.0.jar:/home/luis/.m2/repository/org/springframework/boot/spring-boot-test/3.3.0/spring-boot-test-3.3.0.jar:/home/luis/.m2/repository/org/springframework/boot/spring-boot-test-autoconfigure/3.3.0/spring-boot-test-autoconfigure-3.3.0.jar:/home/luis/.m2/repository/com/jayway/jsonpath/json-path/2.9.0/json-path-2.9.0.jar:/home/luis/.m2/repository/jakarta/xml/bind/jakarta.xml.bind-api/4.0.2/jakarta.xml.bind-api-4.0.2.jar:/home/luis/.m2/repository/jakarta/activation/jakarta.activation-api/2.1.3/jakarta.activation-api-2.1.3.jar:/home/luis/.m2/repository/net/minidev/json-smart/2.5.1/json-smart-2.5.1.jar:/home/luis/.m2/repository/net/minidev/accessors-smart/2.5.1/accessors-smart-2.5.1.jar:/home/luis/.m2/repository/org/ow2/asm/asm/9.6/asm-9.6.jar:/home/luis/.m2/repository/org/assertj/assertj-core/3.25.3/assertj-core-3.25.3.jar:/home/luis/.m2/repository/org/awaitility/awaitility/4.2.1/awaitility-4.2.1.jar:/home/luis/.m2/repository/org/hamcrest/hamcrest/2.2/hamcrest-2.2.jar:/home/luis/.m2/repository/org/junit/jupiter/junit-jupiter/5.10.2/junit-jupiter-5.10.2.jar:/home/luis/.m2/repository/org/junit/jupiter/junit-jupiter-api/5.10.2/junit-jupiter-api-5.10.2.jar:/home/luis/.m2/repository/org/opentest4j/opentest4j/1.3.0/opentest4j-1.3.0.jar:/home/luis/.m2/repository/org/junit/platform/junit-platform-commons/1.10.2/junit-platform-commons-1.10.2.jar:/home/luis/.m2/repository/org/apiguardian/apiguardian-api/1.1.2/apiguardian-api-1.1.2.jar:/home/luis/.m2/repository/org/junit/jupiter/junit-jupiter-params/5.10.2/junit-jupiter-params-5.10.2.jar:/home/luis/.m2/repository/org/junit/jupiter/junit-jupiter-engine/5.10.2/junit-jupiter-engine-5.10.2.jar:/home/luis/.m2/repository/org/junit/platform/junit-platform-engine/1.10.2/junit-platform-engine-1.10.2.jar:/home/luis/.m2/repository/org/mockito/mockito-core/5.11.0/mockito-core-5.11.0.jar:/home/luis/.m2/repository/net/bytebuddy/byte-buddy-agent/1.14.16/byte-buddy-agent-1.14.16.jar:/home/luis/.m2/repository/org/objenesis/objenesis/3.3/objenesis-3.3.jar:/home/luis/.m2/repository/org/mockito/mockito-junit-jupiter/5.11.0/mockito-junit-jupiter-5.11.0.jar:/home/luis/.m2/repository/org/skyscreamer/jsonassert/1.5.1/jsonassert-1.5.1.jar:/home/luis/.m2/repository/com/vaadin/external/google/android-json/0.0.20131108.vaadin1/android-json-0.0.20131108.vaadin1.jar:/home/luis/.m2/repository/org/springframework/spring-core/6.1.8/spring-core-6.1.8.jar:/home/luis/.m2/repository/org/springframework/spring-jcl/6.1.8/spring-jcl-6.1.8.jar:/home/luis/.m2/repository/org/springframework/spring-test/6.1.8/spring-test-6.1.8.jar:/home/luis/.m2/repository/org/xmlunit/xmlunit-core/2.9.1/xmlunit-core-2.9.1.jar:/home/luis/.m2/repository/org/springdoc/springdoc-openapi-starter-webmvc-ui/2.0.2/springdoc-openapi-starter-webmvc-ui-2.0.2.jar:/home/luis/.m2/repository/org/springdoc/springdoc-openapi-starter-webmvc-api/2.0.2/springdoc-openapi-starter-webmvc-api-2.0.2.jar:/home/luis/.m2/repository/org/springdoc/springdoc-openapi-starter-common/2.0.2/springdoc-openapi-starter-common-2.0.2.jar:/home/luis/.m2/repository/io/swagger/core/v3/swagger-core-jakarta/2.2.7/swagger-core-jakarta-2.2.7.jar:/home/luis/.m2/repository/org/apache/commons/commons-lang3/3.14.0/commons-lang3-3.14.0.jar:/home/luis/.m2/repository/io/swagger/core/v3/swagger-annotations-jakarta/2.2.7/swagger-annotations-jakarta-2.2.7.jar:/home/luis/.m2/repository/io/swagger/core/v3/swagger-models-jakarta/2.2.7/swagger-models-jakarta-2.2.7.jar:/home/luis/.m2/repository/jakarta/validation/jakarta.validation-api/3.0.2/jakarta.validation-api-3.0.2.jar:/home/luis/.m2/repository/com/fasterxml/jackson/dataformat/jackson-dataformat-yaml/2.17.1/jackson-dataformat-yaml-2.17.1.jar:/home/luis/.m2/repository/org/webjars/swagger-ui/4.15.5/swagger-ui-4.15.5.jar:/home/luis/.m2/repository/org/webjars/webjars-locator-core/0.58/webjars-locator-core-0.58.jar:/home/luis/.m2/repository/io/github/classgraph/classgraph/4.8.149/classgraph-4.8.149.jar:/home/luis/.m2/repository/org/springframework/boot/spring-boot-starter-security/3.3.0/spring-boot-starter-security-3.3.0.jar:/home/luis/.m2/repository/org/springframework/spring-aop/6.1.8/spring-aop-6.1.8.jar:/home/luis/.m2/repository/org/springframework/security/spring-security-config/6.3.0/spring-security-config-6.3.0.jar:/home/luis/.m2/repository/org/springframework/security/spring-security-core/6.3.0/spring-security-core-6.3.0.jar:/home/luis/.m2/repository/org/springframework/security/spring-security-crypto/6.3.0/spring-security-crypto-6.3.0.jar:/home/luis/.m2/repository/org/springframework/security/spring-security-web/6.3.0/spring-security-web-6.3.0.jar:/home/luis/.m2/repository/io/jsonwebtoken/jjwt-api/0.12.5/jjwt-api-0.12.5.jar:/home/luis/.m2/repository/io/jsonwebtoken/jjwt-impl/0.12.5/jjwt-impl-0.12.5.jar:/home/luis/.m2/repository/io/jsonwebtoken/jjwt-jackson/0.12.5/jjwt-jackson-0.12.5.jar:/home/luis/.m2/repository/com/fasterxml/jackson/core/jackson-databind/2.17.1/jackson-databind-2.17.1.jar:/home/luis/.m2/repository/com/fasterxml/jackson/core/jackson-annotations/2.17.1/jackson-annotations-2.17.1.jar:/home/luis/.m2/repository/com/fasterxml/jackson/core/jackson-core/2.17.1/jackson-core-2.17.1.jar:/home/luis/.m2/repository/javax/xml/bind/jaxb-api/2.3.1/jaxb-api-2.3.1.jar:/home/luis/.m2/repository/javax/activation/javax.activation-api/1.2.0/javax.activation-api-1.2.0.jar:"/>
    <property name="sun.cpu.endian" value="little"/>
    <property name="user.home" value="/home/luis"/>
    <property name="user.language" value="en"/>
    <property name="java.specification.vendor" value="Oracle Corporation"/>
    <property name="java.version.date" value="2024-01-16"/>
    <property name="java.home" value="/home/linuxbrew/.linuxbrew/Cellar/openjdk/21.0.2/libexec"/>
    <property name="file.separator" value="/"/>
    <property name="basedir" value="/mnt/c/users/luis/Desktop/zectia/user-microservice"/>
    <property name="java.vm.compressedOopsMode" value="32-bit"/>
    <property name="line.separator" value="&#10;"/>
    <property name="java.vm.specification.vendor" value="Oracle Corporation"/>
    <property name="java.specification.name" value="Java Platform API Specification"/>
    <property name="FILE_LOG_CHARSET" value="UTF-8"/>
    <property name="java.awt.headless" value="true"/>
    <property name="surefire.real.class.path" value="/mnt/c/users/luis/Desktop/zectia/user-microservice/target/surefire/surefirebooter-20240603134149234_3.jar"/>
    <property name="sun.management.compiler" value="HotSpot 64-Bit Tiered Compilers"/>
    <property name="java.runtime.version" value="21.0.2"/>
    <property name="user.name" value="luis"/>
    <property name="stdout.encoding" value="UTF-8"/>
    <property name="path.separator" value=":"/>
    <property name="os.version" value="5.15.146.1-microsoft-standard-WSL2"/>
    <property name="java.runtime.name" value="OpenJDK Runtime Environment"/>
    <property name="file.encoding" value="UTF-8"/>
    <property name="java.vm.name" value="OpenJDK 64-Bit Server VM"/>
    <property name="java.vendor.version" value="Homebrew"/>
    <property name="localRepository" value="/home/luis/.m2/repository"/>
    <property name="java.vendor.url.bug" value="https://github.com/Homebrew/homebrew-core/issues"/>
    <property name="java.io.tmpdir" value="/tmp"/>
    <property name="com.zaxxer.hikari.pool_number" value="1"/>
    <property name="java.version" value="21.0.2"/>
    <property name="user.dir" value="/mnt/c/users/luis/Desktop/zectia/user-microservice"/>
    <property name="os.arch" value="amd64"/>
    <property name="java.vm.specification.name" value="Java Virtual Machine Specification"/>
    <property name="PID" value="38675"/>
    <property name="CONSOLE_LOG_CHARSET" value="UTF-8"/>
    <property name="native.encoding" value="UTF-8"/>
    <property name="java.library.path" value="/usr/java/packages/lib:/usr/lib64:/lib64:/lib:/usr/lib"/>
    <property name="java.vm.info" value="mixed mode, sharing"/>
    <property name="stderr.encoding" value="UTF-8"/>
    <property name="java.vendor" value="Homebrew"/>
    <property name="java.vm.version" value="21.0.2"/>
    <property name="sun.io.unicode.encoding" value="UnicodeLittle"/>
    <property name="java.class.version" value="65.0"/>
    <property name="LOGGED_APPLICATION_NAME" value="[user-microservice] "/>
  </properties>
  <testcase name="contextLoads" classname="com.zectia.user_microservice.UserMicroserviceApplicationTests" time="0.945">
    <system-out><![CDATA[13:41:51.726 [main] INFO org.springframework.test.context.support.AnnotationConfigContextLoaderUtils -- Could not detect default configuration classes for test class [com.zectia.user_microservice.UserMicroserviceApplicationTests]: UserMicroserviceApplicationTests does not declare any static, non-private, non-final, nested classes annotated with @Configuration.
13:41:52.235 [main] INFO org.springframework.boot.test.context.SpringBootTestContextBootstrapper -- Found @SpringBootConfiguration com.zectia.user_microservice.UserMicroserviceApplication for test class com.zectia.user_microservice.UserMicroserviceApplicationTests
  .   ____          _            __ _ _
 /\\ / ___'_ __ _ _(_)_ __  __ _ \ \ \ \
( ( )\___ | '_ | '_| | '_ \/ _` | \ \ \ \
 \\/  ___)| |_)| | | | | || (_| |  ) ) ) )
  '  |____| .__|_| |_|_| |_\__, | / / / /
 =========|_|==============|___/=/_/_/_/

 :: Spring Boot ::                (v3.3.0)

2024-06-03T13:41:53.872-04:00  INFO 38675 --- [user-microservice] [           main] c.z.u.UserMicroserviceApplicationTests   : Starting UserMicroserviceApplicationTests using Java 21.0.2 with PID 38675 (started by luis in /mnt/c/users/luis/Desktop/zectia/user-microservice)
2024-06-03T13:41:53.876-04:00  INFO 38675 --- [user-microservice] [           main] c.z.u.UserMicroserviceApplicationTests   : No active profile set, falling back to 1 default profile: "default"
2024-06-03T13:41:57.757-04:00  INFO 38675 --- [user-microservice] [           main] .s.d.r.c.RepositoryConfigurationDelegate : Bootstrapping Spring Data JPA repositories in DEFAULT mode.
2024-06-03T13:41:58.106-04:00  INFO 38675 --- [user-microservice] [           main] .s.d.r.c.RepositoryConfigurationDelegate : Finished Spring Data repository scanning in 317 ms. Found 1 JPA repository interface.
2024-06-03T13:41:59.863-04:00  INFO 38675 --- [user-microservice] [           main] o.hibernate.jpa.internal.util.LogHelper  : HHH000204: Processing PersistenceUnitInfo [name: default]
2024-06-03T13:42:00.188-04:00  INFO 38675 --- [user-microservice] [           main] org.hibernate.Version                    : HHH000412: Hibernate ORM core version 6.5.2.Final
2024-06-03T13:42:00.318-04:00  INFO 38675 --- [user-microservice] [           main] o.h.c.internal.RegionFactoryInitiator    : HHH000026: Second-level cache disabled
2024-06-03T13:42:01.944-04:00  INFO 38675 --- [user-microservice] [           main] o.s.o.j.p.SpringPersistenceUnitInfo      : No LoadTimeWeaver setup: ignoring JPA class transformer
2024-06-03T13:42:02.070-04:00  INFO 38675 --- [user-microservice] [           main] com.zaxxer.hikari.HikariDataSource       : HikariPool-1 - Starting...
2024-06-03T13:42:04.150-04:00  INFO 38675 --- [user-microservice] [           main] com.zaxxer.hikari.pool.HikariPool        : HikariPool-1 - Added connection org.postgresql.jdbc.PgConnection@338d47b
2024-06-03T13:42:04.159-04:00  INFO 38675 --- [user-microservice] [           main] com.zaxxer.hikari.HikariDataSource       : HikariPool-1 - Start completed.
2024-06-03T13:42:07.975-04:00  INFO 38675 --- [user-microservice] [           main] o.h.e.t.j.p.i.JtaPlatformInitiator       : HHH000489: No JTA platform available (set 'hibernate.transaction.jta.platform' to enable JTA platform integration)
Hibernate: 
    alter table if exists usuarios 
       alter column clave set data type TEXT
Hibernate: 
    alter table if exists usuarios 
       alter column url_imagen_perfil set data type TEXT
2024-06-03T13:42:09.971-04:00  INFO 38675 --- [user-microservice] [           main] j.LocalContainerEntityManagerFactoryBean : Initialized JPA EntityManagerFactory for persistence unit 'default'
2024-06-03T13:42:11.106-04:00  WARN 38675 --- [user-microservice] [           main] JpaBaseConfiguration$JpaWebConfiguration : spring.jpa.open-in-view is enabled by default. Therefore, database queries may be performed during view rendering. Explicitly configure spring.jpa.open-in-view to disable this warning
2024-06-03T13:42:12.694-04:00  INFO 38675 --- [user-microservice] [           main] r$InitializeUserDetailsManagerConfigurer : Global AuthenticationManager configured with UserDetailsService bean with name userDetailServiceImpl
2024-06-03T13:42:13.097-04:00  INFO 38675 --- [user-microservice] [           main] o.s.s.web.DefaultSecurityFilterChain     : Will secure any request with [org.springframework.security.web.session.DisableEncodeUrlFilter@5d1907fb, org.springframework.security.web.context.request.async.WebAsyncManagerIntegrationFilter@6079d219, org.springframework.security.web.context.SecurityContextHolderFilter@7aa62a90, org.springframework.security.web.header.HeaderWriterFilter@23cfc9eb, org.springframework.web.filter.CorsFilter@4ed90b04, org.springframework.security.web.authentication.logout.LogoutFilter@5e6ad84c, com.zectia.user_microservice.security.JWTAuthorizationFilter@5b3c11ce, com.zectia.user_microservice.security.JWTAuthenticationFilter@686ace1f, org.springframework.security.web.authentication.www.BasicAuthenticationFilter@5471342, org.springframework.security.web.savedrequest.RequestCacheAwareFilter@5fc42998, org.springframework.security.web.servletapi.SecurityContextHolderAwareRequestFilter@5dfb65d5, org.springframework.security.web.authentication.AnonymousAuthenticationFilter@7dd92a36, org.springframework.security.web.session.SessionManagementFilter@2bfe4df9, org.springframework.security.web.access.ExceptionTranslationFilter@4a5eb613, org.springframework.security.web.access.intercept.AuthorizationFilter@45c10678]
2024-06-03T13:42:13.747-04:00  INFO 38675 --- [user-microservice] [           main] c.z.u.UserMicroserviceApplicationTests   : Started UserMicroserviceApplicationTests in 20.875 seconds (process running for 24.36)
]]></system-out>
    <system-err><![CDATA[WARNING: A Java agent has been loaded dynamically (/home/luis/.m2/repository/net/bytebuddy/byte-buddy-agent/1.14.16/byte-buddy-agent-1.14.16.jar)
WARNING: If a serviceability tool is in use, please run with -XX:+EnableDynamicAgentLoading to hide this warning
WARNING: If a serviceability tool is not in use, please run with -Djdk.instrument.traceUsage for more information
WARNING: Dynamic loading of agents will be disallowed by default in a future release
]]></system-err>
  </testcase>
</testsuite>